<?xml version="1.0" encoding="UTF-8"?>
<testng-results ignored="0" total="1" passed="1" failed="0" skipped="0">
  <reporter-output>
  </reporter-output>
  <suite started-at="2022-12-31T13:18:20 IST" name="Default suite" finished-at="2022-12-31T13:18:42 IST" duration-ms="22034">
    <groups>
    </groups>
    <test started-at="2022-12-31T13:18:20 IST" name="Default test" finished-at="2022-12-31T13:18:42 IST" duration-ms="22034">
      <class name="leafgroundBrowser.Window">
        <test-method signature="window()[pri:0, instance:leafgroundBrowser.Window@1bb266b3]" started-at="2022-12-31T13:18:20 IST" name="window" finished-at="2022-12-31T13:18:42 IST" duration-ms="21860" status="PASS">
          <reporter-output>
          </reporter-output>
        </test-method> <!-- window -->
      </class> <!-- leafgroundBrowser.Window -->
    </test> <!-- Default test -->
  </suite> <!-- Default suite -->
</testng-results>
